#
# There is insufficient memory for the Java Runtime Environment to continue.
# Native memory allocation (mmap) failed to map 123731968 bytes for G1 virtual space
# Possible reasons:
#   The system is out of physical RAM or swap space
#   The process is running with CompressedOops enabled, and the Java Heap may be blocking the growth of the native heap
# Possible solutions:
#   Reduce memory load on the system
#   Increase physical memory or swap space
#   Check if swap backing store is full
#   Decrease Java heap size (-Xmx/-Xms)
#   Decrease number of Java threads
#   Decrease Java thread stack sizes (-Xss)
#   Set larger code cache with -XX:ReservedCodeCacheSize=
#   JVM is running with Unscaled Compressed Oops mode in which the Java heap is
#     placed in the first 4GB address space. The Java Heap base address is the
#     maximum limit for the native heap growth. Please use -XX:HeapBaseMinAddress
#     to set the Java Heap base and to place the Java Heap above 4GB virtual address.
# This output file may be truncated or incomplete.
#
#  Out of Memory Error (os_windows.cpp:3617), pid=12932, tid=20488
#
# JRE version:  (17.0.8+7) (build )
# Java VM: OpenJDK 64-Bit Server VM (17.0.8+7, mixed mode, sharing, tiered, compressed oops, compressed class ptrs, g1 gc, windows-amd64)
# No core dump will be written. Minidumps are not enabled by default on client versions of Windows
#

---------------  S U M M A R Y ------------

Command Line: -Dfile.encoding=UTF-8 -XX:+ShowCodeDetailsInExceptionMessages Proyecto

Host: AMD Ryzen 5 5500U with Radeon Graphics         , 12 cores, 7G,  Windows 11 , 64 bit Build 22621 (10.0.22621.3527)
Time: Tue May  7 22:11:58 2024 Hora estándar Montañas (México) elapsed time: 0.013369 seconds (0d 0h 0m 0s)

---------------  T H R E A D  ---------------

Current thread (0x00000208b81db620):  JavaThread "Unknown thread" [_thread_in_vm, id=20488, stack(0x0000002f19700000,0x0000002f19800000)]

Stack: [0x0000002f19700000,0x0000002f19800000]
Native frames: (J=compiled Java code, j=interpreted, Vv=VM code, C=native code)
V  [jvm.dll+0x678b0a]
V  [jvm.dll+0x835e84]
V  [jvm.dll+0x83762e]
V  [jvm.dll+0x837c93]
V  [jvm.dll+0x24746f]
V  [jvm.dll+0x675859]
V  [jvm.dll+0x66a0ea]
V  [jvm.dll+0x306c7b]
V  [jvm.dll+0x30e166]
V  [jvm.dll+0x35dd3e]
V  [jvm.dll+0x35df6f]
V  [jvm.dll+0x2ddb48]
V  [jvm.dll+0x2deab4]
V  [jvm.dll+0x807f31]
V  [jvm.dll+0x36bb21]
V  [jvm.dll+0x7e733c]
V  [jvm.dll+0x3ee4af]
V  [jvm.dll+0x3f00c1]
C  [jli.dll+0x528b]
C  [ucrtbase.dll+0x29333]
C  [KERNEL32.DLL+0x1257d]
C  [ntdll.dll+0x5aa48]


---------------  P R O C E S S  ---------------

Threads class SMR info:
_java_thread_list=0x00007ffb30e9a018, length=0, elements={
}

Java Threads: ( => current thread )

Other Threads:
  0x00000208b8236170 GCTaskThread "GC Thread#0" [stack: 0x0000002f19800000,0x0000002f19900000] [id=20492]
  0x00000208b8245c40 ConcurrentGCThread "G1 Main Marker" [stack: 0x0000002f19900000,0x0000002f19a00000] [id=20496]
  0x00000208b8246df0 ConcurrentGCThread "G1 Conc#0" [stack: 0x0000002f19a00000,0x0000002f19b00000] [id=20500]

[error occurred during error reporting (printing all threads), id 0xc0000005, EXCEPTION_ACCESS_VIOLATION (0xc0000005) at pc=0x00007ffb3066e587]

VM state: not at safepoint (not fully initialized)

VM Mutex/Monitor currently owned by a thread:  ([mutex/lock_event])
[0x00000208b81d6b00] Heap_lock - owner thread: 0x00000208b81db620

Heap address: 0x000000008a400000, size: 1884 MB, Compressed Oops mode: 32-bit

CDS archive(s) mapped at: [0x0000000000000000-0x0000000000000000-0x0000000000000000), size 0, SharedBaseAddress: 0x0000000800000000, ArchiveRelocationMode: 1.
Narrow klass base: 0x0000000000000000, Narrow klass shift: 0, Narrow klass range: 0x0

GC Precious Log:
<Empty>

Heap:
 garbage-first heap   total 0K, used 0K [0x000000008a400000, 0x0000000100000000)
  region size 1024K, 0 young (0K), 0 survivors (0K)

[error occurred during error reporting (printing heap information), id 0xc0000005, EXCEPTION_ACCESS_VIOLATION (0xc0000005) at pc=0x00007ffb30a52699]

GC Heap History (0 events):
No events

Dll operation events (1 events):
Event: 0.008 Loaded shared library C:\Users\henry\.p2\pool\plugins\org.eclipse.justj.openjdk.hotspot.jre.full.win32.x86_64_17.0.8.v20230801-1951\jre\bin\java.dll

Deoptimization events (0 events):
No events

Classes unloaded (0 events):
No events

Classes redefined (0 events):
No events

Internal exceptions (0 events):
No events

VM Operations (0 events):
No events

Events (0 events):
No events


Dynamic libraries:
0x00007ff7d4460000 - 0x00007ff7d446e000 	C:\Users\henry\.p2\pool\plugins\org.eclipse.justj.openjdk.hotspot.jre.full.win32.x86_64_17.0.8.v20230801-1951\jre\bin\javaw.exe
0x00007ffb94150000 - 0x00007ffb94367000 	C:\WINDOWS\SYSTEM32\ntdll.dll
0x00007ffb928f0000 - 0x00007ffb929b4000 	C:\WINDOWS\System32\KERNEL32.DLL
0x00007ffb91540000 - 0x00007ffb918e7000 	C:\WINDOWS\System32\KERNELBASE.dll
0x00007ffb91ce0000 - 0x00007ffb91df1000 	C:\WINDOWS\System32\ucrtbase.dll
0x00007ffb81470000 - 0x00007ffb81489000 	C:\Users\henry\.p2\pool\plugins\org.eclipse.justj.openjdk.hotspot.jre.full.win32.x86_64_17.0.8.v20230801-1951\jre\bin\VCRUNTIME140.dll
0x00007ffb81450000 - 0x00007ffb81467000 	C:\Users\henry\.p2\pool\plugins\org.eclipse.justj.openjdk.hotspot.jre.full.win32.x86_64_17.0.8.v20230801-1951\jre\bin\jli.dll
0x00007ffb93ec0000 - 0x00007ffb9406e000 	C:\WINDOWS\System32\USER32.dll
0x00007ffb91a10000 - 0x00007ffb91a36000 	C:\WINDOWS\System32\win32u.dll
0x00007ffb7b0f0000 - 0x00007ffb7b383000 	C:\WINDOWS\WinSxS\amd64_microsoft.windows.common-controls_6595b64144ccf1df_6.0.22621.3527_none_270e469b73872a76\COMCTL32.dll
0x00007ffb93900000 - 0x00007ffb93929000 	C:\WINDOWS\System32\GDI32.dll
0x00007ffb92100000 - 0x00007ffb921a7000 	C:\WINDOWS\System32\msvcrt.dll
0x00007ffb918f0000 - 0x00007ffb91a09000 	C:\WINDOWS\System32\gdi32full.dll
0x00007ffb914a0000 - 0x00007ffb9153a000 	C:\WINDOWS\System32\msvcp_win.dll
0x00007ffb93cb0000 - 0x00007ffb93ce1000 	C:\WINDOWS\System32\IMM32.DLL
0x00007ffb803f0000 - 0x00007ffb803fc000 	C:\Users\henry\.p2\pool\plugins\org.eclipse.justj.openjdk.hotspot.jre.full.win32.x86_64_17.0.8.v20230801-1951\jre\bin\vcruntime140_1.dll
0x00007ffb7e0d0000 - 0x00007ffb7e161000 	C:\Users\henry\.p2\pool\plugins\org.eclipse.justj.openjdk.hotspot.jre.full.win32.x86_64_17.0.8.v20230801-1951\jre\bin\msvcp140.dll
0x00007ffb30380000 - 0x00007ffb30fcc000 	C:\Users\henry\.p2\pool\plugins\org.eclipse.justj.openjdk.hotspot.jre.full.win32.x86_64_17.0.8.v20230801-1951\jre\bin\server\jvm.dll
0x00007ffb91ee0000 - 0x00007ffb91f92000 	C:\WINDOWS\System32\ADVAPI32.dll
0x00007ffb92210000 - 0x00007ffb922b8000 	C:\WINDOWS\System32\sechost.dll
0x00007ffb91470000 - 0x00007ffb91498000 	C:\WINDOWS\System32\bcrypt.dll
0x00007ffb93b90000 - 0x00007ffb93ca5000 	C:\WINDOWS\System32\RPCRT4.dll
0x00007ffb910d0000 - 0x00007ffb9111d000 	C:\WINDOWS\SYSTEM32\POWRPROF.dll
0x00007ffb68630000 - 0x00007ffb68639000 	C:\WINDOWS\SYSTEM32\WSOCK32.dll
0x00007ffb8ddb0000 - 0x00007ffb8dde4000 	C:\WINDOWS\SYSTEM32\WINMM.dll
0x00007ffb93930000 - 0x00007ffb939a1000 	C:\WINDOWS\System32\WS2_32.dll
0x00007ffb86430000 - 0x00007ffb8643a000 	C:\WINDOWS\SYSTEM32\VERSION.dll
0x00007ffb90ed0000 - 0x00007ffb90ee3000 	C:\WINDOWS\SYSTEM32\UMPDC.dll
0x00007ffb90450000 - 0x00007ffb90468000 	C:\WINDOWS\SYSTEM32\kernel.appcore.dll
0x00007ffb8acf0000 - 0x00007ffb8acfa000 	C:\Users\henry\.p2\pool\plugins\org.eclipse.justj.openjdk.hotspot.jre.full.win32.x86_64_17.0.8.v20230801-1951\jre\bin\jimage.dll
0x00007ffb8e670000 - 0x00007ffb8e8a3000 	C:\WINDOWS\SYSTEM32\DBGHELP.DLL
0x00007ffb92a80000 - 0x00007ffb92e08000 	C:\WINDOWS\System32\combase.dll
0x00007ffb93d50000 - 0x00007ffb93e27000 	C:\WINDOWS\System32\OLEAUT32.dll
0x00007ffb765e0000 - 0x00007ffb76612000 	C:\WINDOWS\SYSTEM32\dbgcore.DLL
0x00007ffb91e00000 - 0x00007ffb91e79000 	C:\WINDOWS\System32\bcryptPrimitives.dll
0x00007ffb89160000 - 0x00007ffb89185000 	C:\Users\henry\.p2\pool\plugins\org.eclipse.justj.openjdk.hotspot.jre.full.win32.x86_64_17.0.8.v20230801-1951\jre\bin\java.dll

dbghelp: loaded successfully - version: 4.0.5 - missing functions: none
symbol engine: initialized successfully - sym options: 0x614 - pdb path: .;C:\Users\henry\.p2\pool\plugins\org.eclipse.justj.openjdk.hotspot.jre.full.win32.x86_64_17.0.8.v20230801-1951\jre\bin;C:\WINDOWS\SYSTEM32;C:\WINDOWS\WinSxS\amd64_microsoft.windows.common-controls_6595b64144ccf1df_6.0.22621.3527_none_270e469b73872a76;C:\Users\henry\.p2\pool\plugins\org.eclipse.justj.openjdk.hotspot.jre.full.win32.x86_64_17.0.8.v20230801-1951\jre\bin\server

VM Arguments:
jvm_args: -Dfile.encoding=UTF-8 -XX:+ShowCodeDetailsInExceptionMessages 
java_command: Proyecto
java_class_path (initial): C:\Users\henry\git\repository\Proyecto-Final\bin
Launcher Type: SUN_STANDARD

[Global flags]
     intx CICompilerCount                          = 4                                         {product} {ergonomic}
     uint ConcGCThreads                            = 3                                         {product} {ergonomic}
     uint G1ConcRefinementThreads                  = 10                                        {product} {ergonomic}
   size_t G1HeapRegionSize                         = 1048576                                   {product} {ergonomic}
    uintx GCDrainStackTargetSize                   = 64                                        {product} {ergonomic}
   size_t InitialHeapSize                          = 123731968                                 {product} {ergonomic}
   size_t MarkStackSize                            = 4194304                                   {product} {ergonomic}
   size_t MaxHeapSize                              = 1975517184                                {product} {ergonomic}
   size_t MinHeapDeltaBytes                        = 1048576                                   {product} {ergonomic}
   size_t MinHeapSize                              = 8388608                                   {product} {ergonomic}
    uintx NonNMethodCodeHeapSize                   = 5839372                                {pd product} {ergonomic}
    uintx NonProfiledCodeHeapSize                  = 122909434                              {pd product} {ergonomic}
    uintx ProfiledCodeHeapSize                     = 122909434                              {pd product} {ergonomic}
    uintx ReservedCodeCacheSize                    = 251658240                              {pd product} {ergonomic}
     bool SegmentedCodeCache                       = true                                      {product} {ergonomic}
     bool ShowCodeDetailsInExceptionMessages       = true                                   {manageable} {command line}
   size_t SoftMaxHeapSize                          = 1975517184                             {manageable} {ergonomic}
     bool UseCompressedClassPointers               = true                           {product lp64_product} {ergonomic}
     bool UseCompressedOops                        = true                           {product lp64_product} {ergonomic}
     bool UseG1GC                                  = true                                      {product} {ergonomic}
     bool UseLargePagesIndividualAllocation        = false                                  {pd product} {ergonomic}

Logging:
Log output configuration:
 #0: stdout all=warning uptime,level,tags
 #1: stderr all=off uptime,level,tags

Environment Variables:
PATH=C:/Users/henry/.p2/pool/plugins/org.eclipse.justj.openjdk.hotspot.jre.full.win32.x86_64_17.0.8.v20230801-1951/jre/bin/server;C:/Users/henry/.p2/pool/plugins/org.eclipse.justj.openjdk.hotspot.jre.full.win32.x86_64_17.0.8.v20230801-1951/jre/bin;C:\Program Files (x86)\Common Files\Oracle\Java\javapath;C:\Program Files (x86)\Common Files\Intel\Shared Libraries\redist\intel64\compiler;C:\WINDOWS\system32;C:\WINDOWS;C:\WINDOWS\System32\Wbem;C:\WINDOWS\System32\WindowsPowerShell\v1.0\;C:\WINDOWS\System32\OpenSSH\;D:\Borland\Bin;C:\Program Files\swipl\bin;C:\Program Files\MySQL\MySQL Shell 8.0\bin\;C:\Users\henry\AppData\Local\Programs\Python\Launcher\;C:\Users\henry\AppData\Local\Microsoft\WindowsApps;D:\Microsoft VS Code\bin;C:\Users\henry\AppData\Local\GitHubDesktop\bin;C:\Users\henry\eclipse\java-2023-06\eclipse;
USERNAME=henry
OS=Windows_NT
PROCESSOR_IDENTIFIER=AMD64 Family 23 Model 104 Stepping 1, AuthenticAMD
TMP=C:\Users\henry\AppData\Local\Temp
TEMP=C:\Users\henry\AppData\Local\Temp



---------------  S Y S T E M  ---------------

OS:
 Windows 11 , 64 bit Build 22621 (10.0.22621.3527)
OS uptime: 1 days 11:10 hours
Hyper-V role detected

CPU: total 12 (initial active 12) (12 cores per cpu, 2 threads per core) family 23 model 104 stepping 1 microcode 0x0, cx8, cmov, fxsr, ht, mmx, 3dnowpref, sse, sse2, sse3, ssse3, sse4a, sse4.1, sse4.2, popcnt, lzcnt, tsc, tscinvbit, avx, avx2, aes, clmul, bmi1, bmi2, adx, sha, fma, vzeroupper, clflush, clflushopt, hv
Processor Information for all 12 processors :
  Max Mhz: 2100, Current Mhz: 2100, Mhz Limit: 2100

Memory: 4k page, system-wide physical 7530M (448M free)
TotalPageFile size 22849M (AvailPageFile size 61M)
current process WorkingSet (physical memory assigned to process): 11M, peak: 11M
current process commit charge ("private bytes"): 64M, peak: 182M

vm_info: OpenJDK 64-Bit Server VM (17.0.8+7) for windows-amd64 JRE (17.0.8+7), built on Jul 18 2023 21:02:32 by "admin" with MS VC++ 16.7 (VS2019)

END.
